0 info it worked if it ends with ok
1 verbose cli [ '/home/huahax/.nvm/v0.8.16/bin/node',
1 verbose cli   '/home/huahax/.nvm/v0.8.16/bin/npm',
1 verbose cli   'start' ]
2 info using npm@1.1.69
3 info using node@v0.8.16
4 verbose read json /home/huahax/hax/kremost4.0/Klient/www/package.json
5 error Error: ENOENT, open '/home/huahax/hax/kremost4.0/Klient/www/package.json'
6 error If you need help, you may report this log at:
6 error     <http://github.com/isaacs/npm/issues>
6 error or email it to:
6 error     <npm-@googlegroups.com>
7 error System Linux 3.8.0-26-generic
8 error command "/home/huahax/.nvm/v0.8.16/bin/node" "/home/huahax/.nvm/v0.8.16/bin/npm" "start"
9 error cwd /home/huahax/hax/kremost4.0/Klient/www
10 error node -v v0.8.16
11 error npm -v 1.1.69
12 error path /home/huahax/hax/kremost4.0/Klient/www/package.json
13 error code ENOENT
14 error errno 34
15 verbose exit [ 34, true ]
